<?xml version="1.0" encoding="UTF-8"?>
<!-- Generated by org.testng.reporters.JUnitXMLReporter -->
<testsuite ignored="0" hostname="DESKTOP-K33JL3G" failures="0" tests="3" name="Default test" time="48.533" errors="0" timestamp="08 Jun 2021 18:23:51 GMT">
  <testcase classname="tests.StaffTests" name="AddEmployeeTest" time="20.853"/>
  <testcase classname="tests.StaffTests" name="changeNameTest" time="17.699"/>
  <testcase classname="tests.StaffTests" name="multipleEmployeesTest" time="8.532"/>
</testsuite> <!-- Default test -->
